2026-01-07 10:48:38,859 - INFO - Daten erfolgreich von Bank_Note_Data.csv geladen.
2026-01-07 10:48:38,861 - INFO - Starte Daten-Skalierung...
2026-01-07 10:48:38,862 - INFO - Starte MLPClassifier Training...
2026-01-07 10:48:39,111 - INFO - Training beendet in 0.2499 Sekunden.
2026-01-07 10:48:39,111 - INFO - Erstelle Vorhersagen...
2026-01-07 10:48:39,112 - INFO - Starte Daten-Skalierung...
2026-01-07 10:48:39,112 - INFO - Starte MLPClassifier Training...
2026-01-07 10:48:39,332 - INFO - Training beendet in 0.2203 Sekunden.
2026-01-07 10:51:41,864 - INFO - Daten erfolgreich von Bank_Note_Data.csv geladen.
2026-01-07 10:51:41,866 - INFO - Starte Daten-Skalierung...
2026-01-07 10:51:41,867 - INFO - Starte MLPClassifier Training...
2026-01-07 10:51:42,056 - INFO - Training beendet in 0.1902 Sekunden.
2026-01-07 10:51:42,056 - INFO - Erstelle Vorhersagen...
2026-01-07 10:51:42,058 - INFO - Starte Daten-Skalierung...
2026-01-07 10:51:42,059 - INFO - Starte MLPClassifier Training...
2026-01-07 10:51:42,225 - INFO - Training beendet in 0.1665 Sekunden.
2026-01-07 10:51:54,709 - INFO - Daten erfolgreich von Bank_Note_Data.csv geladen.
2026-01-07 10:51:54,711 - INFO - Starte Daten-Skalierung...
2026-01-07 10:51:54,711 - INFO - Starte MLPClassifier Training...
2026-01-07 10:51:54,903 - INFO - Training beendet in 0.1928 Sekunden.
2026-01-07 10:51:54,903 - INFO - Erstelle Vorhersagen...
2026-01-07 10:51:54,906 - INFO - Starte Daten-Skalierung...
2026-01-07 10:51:54,907 - INFO - Starte MLPClassifier Training...
2026-01-07 10:51:55,077 - INFO - Training beendet in 0.1715 Sekunden.
2026-01-07 11:33:24,763 - INFO - Daten erfolgreich von bank_note_data.csv geladen.
2026-01-07 11:33:24,780 - INFO - Starte Daten-Skalierung...
2026-01-07 11:33:24,781 - INFO - Starte MLPClassifier Training...
2026-01-07 11:33:24,950 - INFO - Training beendet in 0.1695 Sekunden.
2026-01-07 11:33:24,950 - INFO - Erstelle Vorhersagen...
2026-01-07 11:33:24,951 - INFO - Starte Daten-Skalierung...
2026-01-07 11:33:24,952 - INFO - Starte MLPClassifier Training...
2026-01-07 11:33:25,120 - INFO - Training beendet in 0.1685 Sekunden.
